C:\USERS\USER\DOCUMENTS\VISUAL STUDIO 2010\PROJECTS\LOOPEXAMPLE1\DEBUG\LOOPEXAMPLE1.EXE
C:\USERS\USER\DOCUMENTS\VISUAL STUDIO 2010\PROJECTS\LOOPEXAMPLE1\DEBUG\LOOPEXAMPLE1.ILK
C:\USERS\USER\DOCUMENTS\VISUAL STUDIO 2010\PROJECTS\LOOPEXAMPLE1\DEBUG\LOOPEXAMPLE1.PDB
c:\Users\user\documents\visual studio 2010\Projects\LoopExample1\LoopExample1\Debug\cl.command.1.tlog
c:\Users\user\documents\visual studio 2010\Projects\LoopExample1\LoopExample1\Debug\CL.read.1.tlog
c:\Users\user\documents\visual studio 2010\Projects\LoopExample1\LoopExample1\Debug\CL.write.1.tlog
C:\USERS\USER\DOCUMENTS\VISUAL STUDIO 2010\PROJECTS\LOOPEXAMPLE1\LOOPEXAMPLE1\DEBUG\LAB3.OBJ
c:\Users\user\documents\visual studio 2010\Projects\LoopExample1\LoopExample1\Debug\link.1944.read.1.tlog
c:\Users\user\documents\visual studio 2010\Projects\LoopExample1\LoopExample1\Debug\link.1944.write.1.tlog
c:\Users\user\documents\visual studio 2010\Projects\LoopExample1\LoopExample1\Debug\link.1944-cvtres.read.1.tlog
c:\Users\user\documents\visual studio 2010\Projects\LoopExample1\LoopExample1\Debug\link.1944-cvtres.write.1.tlog
c:\Users\user\documents\visual studio 2010\Projects\LoopExample1\LoopExample1\Debug\link.command.1.tlog
c:\Users\user\documents\visual studio 2010\Projects\LoopExample1\LoopExample1\Debug\link.read.1.tlog
c:\Users\user\documents\visual studio 2010\Projects\LoopExample1\LoopExample1\Debug\link.write.1.tlog
c:\Users\user\documents\visual studio 2010\Projects\LoopExample1\LoopExample1\Debug\link-cvtres.read.1.tlog
c:\Users\user\documents\visual studio 2010\Projects\LoopExample1\LoopExample1\Debug\link-cvtres.write.1.tlog
C:\USERS\USER\DOCUMENTS\VISUAL STUDIO 2010\PROJECTS\LOOPEXAMPLE1\LOOPEXAMPLE1\DEBUG\LOOPEXAMPE1.OBJ
C:\USERS\USER\DOCUMENTS\VISUAL STUDIO 2010\PROJECTS\LOOPEXAMPLE1\LOOPEXAMPLE1\DEBUG\LOOPEXAMPLE1.EXE.EMBED.MANIFEST
C:\USERS\USER\DOCUMENTS\VISUAL STUDIO 2010\PROJECTS\LOOPEXAMPLE1\LOOPEXAMPLE1\DEBUG\LOOPEXAMPLE1.EXE.EMBED.MANIFEST.RES
C:\USERS\USER\DOCUMENTS\VISUAL STUDIO 2010\PROJECTS\LOOPEXAMPLE1\LOOPEXAMPLE1\DEBUG\LOOPEXAMPLE1.EXE.INTERMEDIATE.MANIFEST
c:\Users\user\documents\visual studio 2010\Projects\LoopExample1\LoopExample1\Debug\LoopExample1.vcxprojResolveAssemblyReference.cache
c:\Users\user\documents\visual studio 2010\Projects\LoopExample1\LoopExample1\Debug\LoopExample1.write.1.tlog
c:\Users\user\documents\visual studio 2010\Projects\LoopExample1\LoopExample1\Debug\LoopExample1_manifest.rc
c:\Users\user\documents\visual studio 2010\Projects\LoopExample1\LoopExample1\Debug\mt.command.1.tlog
c:\Users\user\documents\visual studio 2010\Projects\LoopExample1\LoopExample1\Debug\mt.read.1.tlog
c:\Users\user\documents\visual studio 2010\Projects\LoopExample1\LoopExample1\Debug\mt.write.1.tlog
c:\Users\user\documents\visual studio 2010\Projects\LoopExample1\LoopExample1\Debug\rc.command.1.tlog
c:\Users\user\documents\visual studio 2010\Projects\LoopExample1\LoopExample1\Debug\rc.read.1.tlog
c:\Users\user\documents\visual studio 2010\Projects\LoopExample1\LoopExample1\Debug\rc.write.1.tlog
c:\Users\user\documents\visual studio 2010\Projects\LoopExample1\LoopExample1\Debug\vc100.idb
C:\USERS\USER\DOCUMENTS\VISUAL STUDIO 2010\PROJECTS\LOOPEXAMPLE1\LOOPEXAMPLE1\DEBUG\VC100.PDB
